<?xml version="1.0" encoding="utf-8"?>
<shfbBuild product="Sandcastle Help File Builder" version="2014.4.22.0" projectFile="C:\Users\stefan\Documents\Visual Studio 2012\Projects\QPC\03-DocumentationAndComments\Documentaiton.shfbproj" started="18.5.2014 г. 15:05:08 ч.">
<buildStep step="Initializing">
Finding tools...
The Sandcastle tools are located in &#39;C:\Program Files\EWSoftware\Sandcastle Help File Builder\&#39;
Searching for HTML Help 1 compiler...
Found HTML Help 1 compiler in &#39;C:\Program Files\HTML Help Workshop\&#39;
Locating components in the following folder(s):
   C:\Users\stefan\Documents\Visual Studio 2012\Projects\QPC\03-DocumentationAndComments
Using presentation style &#39;VS2005&#39; located in &#39;C:\Program Files\EWSoftware\Sandcastle Help File Builder\PresentationStyles\VS2005&#39;
</buildStep>
<buildStep step="ClearWorkFolder">
Clearing working folder...
</buildStep>
<buildStep step="ValidatingDocumentationSources">
Validating and copying documentation source information
Source: C:\Users\stefan\Documents\Visual Studio 2012\Projects\QPC\03-DocumentationAndComments\DocumentationComments\DocumentationComments\bin\Debug\DocumentationComments.exe
    Found assembly &#39;C:\Users\stefan\Documents\Visual Studio 2012\Projects\QPC\03-DocumentationAndComments\DocumentationComments\DocumentationComments\bin\Debug\DocumentationComments.exe&#39;
SHFB: Warning BE0062: No XML comments files found.  The help file will not contain any member comments.
</buildStep>
<buildStep step="GenerateSharedContent">
Generating shared content files (en-US, English (United States))...
    Last step completed in 00:00:00.0410
</buildStep>
<buildStep step="GenerateApiFilter">
Generating API filter for MRefBuilder...
    Last step completed in 00:00:00.0060
</buildStep>
<buildStep step="GenerateReflectionInfo">
Generating reflection information...
[C:\Windows\Microsoft.NET\Framework\v4.0.30319\MSBuild.exe]
Build started 18.5.2014 Ј. 15:05:08 з..
Project &quot;C:\Users\stefan\Documents\Visual Studio 2012\Projects\QPC\03-DocumentationAndComments\Help\Working\GenerateRefInfo.proj&quot; on node 1 (default targets).
PrepareForBuild:
  Creating directory &quot;obj\Debug\&quot;.
GenerateRefInfo:
  MRefBuilder (v2014.1.26.0)
  Copyright c 2006-2014, Microsoft Corporation, All Rights Reserved.
  Portions Copyright c 2006-2014, Eric Woodruff, All Rights Reserved.
  Loaded 1 assemblies for reflection and 1 dependency assemblies.
  Wrote information on 1 namespaces, 1 types, and 16 members
  Copying file from &quot;reflection.org&quot; to &quot;reflection.all&quot;.
  XslTransform (v2014.1.26.0)
  Copyright c 2006-2014, Microsoft Corporation, All Rights Reserved.
  Portions Copyright c 2006-2014, Eric Woodruff, All Rights Reserved.
  Applying XSL transformation &#39;C:\Program Files\EWSoftware\Sandcastle Help File Builder\ProductionTransforms\MergeDuplicates.xsl&#39;.
Done Building Project &quot;C:\Users\stefan\Documents\Visual Studio 2012\Projects\QPC\03-DocumentationAndComments\Help\Working\GenerateRefInfo.proj&quot; (default targets).

Build succeeded.

Time Elapsed 00:00:01.21
    Last step completed in 00:00:01.3151
</buildStep>
<buildStep step="TransformReflectionInfo">
Transforming reflection output...
[C:\Windows\Microsoft.NET\Framework\v4.0.30319\MSBuild.exe]
Build started 18.5.2014 Ј. 15:05:10 з..
Project &quot;C:\Users\stefan\Documents\Visual Studio 2012\Projects\QPC\03-DocumentationAndComments\Help\Working\TransformManifest.proj&quot; on node 1 (default targets).
TransformManifest:
  XslTransform (v2014.1.26.0)
  Copyright c 2006-2014, Microsoft Corporation, All Rights Reserved.
  Portions Copyright c 2006-2014, Eric Woodruff, All Rights Reserved.
  Applying XSL transformation &#39;C:\Program Files\EWSoftware\Sandcastle Help File Builder\\ProductionTransforms\ApplyVSDocModel.xsl&#39;.
  Copying file from &quot;reflection.xml&quot; to &quot;reflection.nofilenames&quot;.
  XslTransform (v2014.1.26.0)
  Copyright c 2006-2014, Microsoft Corporation, All Rights Reserved.
  Portions Copyright c 2006-2014, Eric Woodruff, All Rights Reserved.
  Applying XSL transformation &#39;C:\Program Files\EWSoftware\Sandcastle Help File Builder\ProductionTransforms\AddFilenames.xsl&#39;.
  XslTransform (v2014.1.26.0)
  Copyright c 2006-2014, Microsoft Corporation, All Rights Reserved.
  Portions Copyright c 2006-2014, Eric Woodruff, All Rights Reserved.
  Applying XSL transformation &#39;C:\Program Files\EWSoftware\Sandcastle Help File Builder\ProductionTransforms\ReflectionToManifest.xsl&#39;.
Done Building Project &quot;C:\Users\stefan\Documents\Visual Studio 2012\Projects\QPC\03-DocumentationAndComments\Help\Working\TransformManifest.proj&quot; (default targets).

Build succeeded.

Time Elapsed 00:00:01.07
    Last step completed in 00:00:01.1781
</buildStep>
<buildStep step="GenerateNamespaceSummaries">
Generating namespace summary information...
    Last step completed in 00:00:00.0390
</buildStep>
<buildStep step="CopyAdditionalContent">
Copying additional content files...
No additional content to copy
    Last step completed in 00:00:00.0160
</buildStep>
<buildStep step="MergeTablesOfContents">
Merging conceptual and additional tables of contents...
    Last step completed in 00:00:00.0060
</buildStep>
<buildStep step="GenerateIntermediateTableOfContents">
Generating intermediate table of contents file...
[C:\Windows\Microsoft.NET\Framework\v4.0.30319\MSBuild.exe]
Build started 18.5.2014 Ј. 15:05:11 з..
Project &quot;C:\Users\stefan\Documents\Visual Studio 2012\Projects\QPC\03-DocumentationAndComments\Help\Working\GenerateIntermediateTOC.proj&quot; on node 1 (default targets).
GenerateIntermediateTOC:
  XslTransform (v2014.1.26.0)
  Copyright c 2006-2014, Microsoft Corporation, All Rights Reserved.
  Portions Copyright c 2006-2014, Eric Woodruff, All Rights Reserved.
  Applying XSL transformation &#39;C:\Program Files\EWSoftware\Sandcastle Help File Builder\\ProductionTransforms\CreateVSToc.xsl&#39;.
Done Building Project &quot;C:\Users\stefan\Documents\Visual Studio 2012\Projects\QPC\03-DocumentationAndComments\Help\Working\GenerateIntermediateTOC.proj&quot; (default targets).

Build succeeded.

Time Elapsed 00:00:00.15
Generating conceptual content intermediate TOC file...
    Last step completed in 00:00:00.3100
</buildStep>
<buildStep step="CreateBuildAssemblerConfigs">
Creating Sandcastle configuration files...
    sandcastle.config
    Last step completed in 00:00:00.2530
</buildStep>
<buildStep step="MergeCustomConfigs">
Merging custom build component configurations
C:\Users\stefan\Documents\Visual Studio 2012\Projects\QPC\03-DocumentationAndComments\Help\Working\sandcastle.config
    Last step completed in 00:00:00.0370
</buildStep>
<buildStep step="BuildReferenceTopics">
Building reference help topics...
[C:\Windows\Microsoft.NET\Framework\v4.0.30319\MSBuild.exe]
Build started 18.5.2014 Ј. 15:05:11 з..
Project &quot;C:\Users\stefan\Documents\Visual Studio 2012\Projects\QPC\03-DocumentationAndComments\Help\Working\BuildReferenceTopics.proj&quot; on node 1 (default targets).
BuildReferenceTopics:
  BuildAssembler (v2014.1.26.0)
  Copyright c 2006-2014, Microsoft Corporation, All Rights Reserved.
  Portions Copyright c 2006-2014, Eric Woodruff, All Rights Reserved.
  Loading configuration...
  ResolveReferenceLinksComponent: The MSDN content ID cache &#39;C:\Users\stefan\AppData\Local\EWSoftware\Sandcastle Help File Builder\Cache\MsdnContentId.cache&#39; does not exist yet.  All IDs will be looked up in this build which will slow it down.
  Processing topics...
BuildAssembler : warning : ShowMissingComponent: [N:Telerik.ILS.Common] Missing &lt;summary&gt; documentation [C:\Users\stefan\Documents\Visual Studio 2012\Projects\QPC\03-DocumentationAndComments\Help\Working\BuildReferenceTopics.proj]
BuildAssembler : warning : ShowMissingComponent: [T:Telerik.ILS.Common.StringExtensions] Missing &lt;summary&gt; documentation [C:\Users\stefan\Documents\Visual Studio 2012\Projects\QPC\03-DocumentationAndComments\Help\Working\BuildReferenceTopics.proj]
BuildAssembler : warning : ResolveReferenceLinksComponent: [T:Telerik.ILS.Common.StringExtensions] MSDN URL not found for target &#39;T:System.Object&#39;. [C:\Users\stefan\Documents\Visual Studio 2012\Projects\QPC\03-DocumentationAndComments\Help\Working\BuildReferenceTopics.proj]
BuildAssembler : warning : ShowMissingComponent: [M:Telerik.ILS.Common.StringExtensions.CapitalizeFirstLetter(System.String)] Missing &lt;summary&gt; documentation [C:\Users\stefan\Documents\Visual Studio 2012\Projects\QPC\03-DocumentationAndComments\Help\Working\BuildReferenceTopics.proj]
BuildAssembler : warning : ShowMissingComponent: [M:Telerik.ILS.Common.StringExtensions.CapitalizeFirstLetter(System.String)] Missing &lt;returns&gt; documentation [C:\Users\stefan\Documents\Visual Studio 2012\Projects\QPC\03-DocumentationAndComments\Help\Working\BuildReferenceTopics.proj]
BuildAssembler : warning : ShowMissingComponent: [M:Telerik.ILS.Common.StringExtensions.CapitalizeFirstLetter(System.String)] Missing &lt;param name=&quot;input&quot;/&gt; documentation [C:\Users\stefan\Documents\Visual Studio 2012\Projects\QPC\03-DocumentationAndComments\Help\Working\BuildReferenceTopics.proj]
BuildAssembler : warning : ResolveReferenceLinksComponent: [M:Telerik.ILS.Common.StringExtensions.CapitalizeFirstLetter(System.String)] MSDN URL not found for target &#39;T:System.String&#39;. [C:\Users\stefan\Documents\Visual Studio 2012\Projects\QPC\03-DocumentationAndComments\Help\Working\BuildReferenceTopics.proj]
BuildAssembler : warning : ResolveReferenceLinksComponent: [M:Telerik.ILS.Common.StringExtensions.CapitalizeFirstLetter(System.String)] MSDN URL not found for target &#39;T:System.String&#39;. [C:\Users\stefan\Documents\Visual Studio 2012\Projects\QPC\03-DocumentationAndComments\Help\Working\BuildReferenceTopics.proj]
BuildAssembler : warning : ResolveReferenceLinksComponent: [M:Telerik.ILS.Common.StringExtensions.CapitalizeFirstLetter(System.String)] MSDN URL not found for target &#39;T:System.String&#39;. [C:\Users\stefan\Documents\Visual Studio 2012\Projects\QPC\03-DocumentationAndComments\Help\Working\BuildReferenceTopics.proj]
BuildAssembler : warning : ShowMissingComponent: [M:Telerik.ILS.Common.StringExtensions.ConvertCyrillicToLatinLetters(System.String)] Missing &lt;summary&gt; documentation [C:\Users\stefan\Documents\Visual Studio 2012\Projects\QPC\03-DocumentationAndComments\Help\Working\BuildReferenceTopics.proj]
BuildAssembler : warning : ShowMissingComponent: [M:Telerik.ILS.Common.StringExtensions.ConvertCyrillicToLatinLetters(System.String)] Missing &lt;returns&gt; documentation [C:\Users\stefan\Documents\Visual Studio 2012\Projects\QPC\03-DocumentationAndComments\Help\Working\BuildReferenceTopics.proj]
BuildAssembler : warning : ShowMissingComponent: [M:Telerik.ILS.Common.StringExtensions.ConvertCyrillicToLatinLetters(System.String)] Missing &lt;param name=&quot;input&quot;/&gt; documentation [C:\Users\stefan\Documents\Visual Studio 2012\Projects\QPC\03-DocumentationAndComments\Help\Working\BuildReferenceTopics.proj]
BuildAssembler : warning : ResolveReferenceLinksComponent: [M:Telerik.ILS.Common.StringExtensions.ConvertCyrillicToLatinLetters(System.String)] MSDN URL not found for target &#39;T:System.String&#39;. [C:\Users\stefan\Documents\Visual Studio 2012\Projects\QPC\03-DocumentationAndComments\Help\Working\BuildReferenceTopics.proj]
BuildAssembler : warning : ResolveReferenceLinksComponent: [M:Telerik.ILS.Common.StringExtensions.ConvertCyrillicToLatinLetters(System.String)] MSDN URL not found for target &#39;T:System.String&#39;. [C:\Users\stefan\Documents\Visual Studio 2012\Projects\QPC\03-DocumentationAndComments\Help\Working\BuildReferenceTopics.proj]
BuildAssembler : warning : ResolveReferenceLinksComponent: [M:Telerik.ILS.Common.StringExtensions.ConvertCyrillicToLatinLetters(System.String)] MSDN URL not found for target &#39;T:System.String&#39;. [C:\Users\stefan\Documents\Visual Studio 2012\Projects\QPC\03-DocumentationAndComments\Help\Working\BuildReferenceTopics.proj]
BuildAssembler : warning : ShowMissingComponent: [M:Telerik.ILS.Common.StringExtensions.ConvertLatinToCyrillicKeyboard(System.String)] Missing &lt;summary&gt; documentation [C:\Users\stefan\Documents\Visual Studio 2012\Projects\QPC\03-DocumentationAndComments\Help\Working\BuildReferenceTopics.proj]
BuildAssembler : warning : ShowMissingComponent: [M:Telerik.ILS.Common.StringExtensions.ConvertLatinToCyrillicKeyboard(System.String)] Missing &lt;returns&gt; documentation [C:\Users\stefan\Documents\Visual Studio 2012\Projects\QPC\03-DocumentationAndComments\Help\Working\BuildReferenceTopics.proj]
BuildAssembler : warning : ShowMissingComponent: [M:Telerik.ILS.Common.StringExtensions.ConvertLatinToCyrillicKeyboard(System.String)] Missing &lt;param name=&quot;input&quot;/&gt; documentation [C:\Users\stefan\Documents\Visual Studio 2012\Projects\QPC\03-DocumentationAndComments\Help\Working\BuildReferenceTopics.proj]
BuildAssembler : warning : ResolveReferenceLinksComponent: [M:Telerik.ILS.Common.StringExtensions.ConvertLatinToCyrillicKeyboard(System.String)] MSDN URL not found for target &#39;T:System.String&#39;. [C:\Users\stefan\Documents\Visual Studio 2012\Projects\QPC\03-DocumentationAndComments\Help\Working\BuildReferenceTopics.proj]
BuildAssembler : warning : ResolveReferenceLinksComponent: [M:Telerik.ILS.Common.StringExtensions.ConvertLatinToCyrillicKeyboard(System.String)] MSDN URL not found for target &#39;T:System.String&#39;. [C:\Users\stefan\Documents\Visual Studio 2012\Projects\QPC\03-DocumentationAndComments\Help\Working\BuildReferenceTopics.proj]
BuildAssembler : warning : ResolveReferenceLinksComponent: [M:Telerik.ILS.Common.StringExtensions.ConvertLatinToCyrillicKeyboard(System.String)] MSDN URL not found for target &#39;T:System.String&#39;. [C:\Users\stefan\Documents\Visual Studio 2012\Projects\QPC\03-DocumentationAndComments\Help\Working\BuildReferenceTopics.proj]
BuildAssembler : warning : ShowMissingComponent: [M:Telerik.ILS.Common.StringExtensions.GetFileExtension(System.String)] Missing &lt;summary&gt; documentation [C:\Users\stefan\Documents\Visual Studio 2012\Projects\QPC\03-DocumentationAndComments\Help\Working\BuildReferenceTopics.proj]
BuildAssembler : warning : ShowMissingComponent: [M:Telerik.ILS.Common.StringExtensions.GetFileExtension(System.String)] Missing &lt;returns&gt; documentation [C:\Users\stefan\Documents\Visual Studio 2012\Projects\QPC\03-DocumentationAndComments\Help\Working\BuildReferenceTopics.proj]
BuildAssembler : warning : ShowMissingComponent: [M:Telerik.ILS.Common.StringExtensions.GetFileExtension(System.String)] Missing &lt;param name=&quot;fileName&quot;/&gt; documentation [C:\Users\stefan\Documents\Visual Studio 2012\Projects\QPC\03-DocumentationAndComments\Help\Working\BuildReferenceTopics.proj]
BuildAssembler : warning : ResolveReferenceLinksComponent: [M:Telerik.ILS.Common.StringExtensions.GetFileExtension(System.String)] MSDN URL not found for target &#39;T:System.String&#39;. [C:\Users\stefan\Documents\Visual Studio 2012\Projects\QPC\03-DocumentationAndComments\Help\Working\BuildReferenceTopics.proj]
BuildAssembler : warning : ResolveReferenceLinksComponent: [M:Telerik.ILS.Common.StringExtensions.GetFileExtension(System.String)] MSDN URL not found for target &#39;T:System.String&#39;. [C:\Users\stefan\Documents\Visual Studio 2012\Projects\QPC\03-DocumentationAndComments\Help\Working\BuildReferenceTopics.proj]
BuildAssembler : warning : ResolveReferenceLinksComponent: [M:Telerik.ILS.Common.StringExtensions.GetFileExtension(System.String)] MSDN URL not found for target &#39;T:System.String&#39;. [C:\Users\stefan\Documents\Visual Studio 2012\Projects\QPC\03-DocumentationAndComments\Help\Working\BuildReferenceTopics.proj]
BuildAssembler : warning : ShowMissingComponent: [M:Telerik.ILS.Common.StringExtensions.GetFirstCharacters(System.String,System.Int32)] Missing &lt;summary&gt; documentation [C:\Users\stefan\Documents\Visual Studio 2012\Projects\QPC\03-DocumentationAndComments\Help\Working\BuildReferenceTopics.proj]
BuildAssembler : warning : ShowMissingComponent: [M:Telerik.ILS.Common.StringExtensions.GetFirstCharacters(System.String,System.Int32)] Missing &lt;returns&gt; documentation [C:\Users\stefan\Documents\Visual Studio 2012\Projects\QPC\03-DocumentationAndComments\Help\Working\BuildReferenceTopics.proj]
BuildAssembler : warning : ShowMissingComponent: [M:Telerik.ILS.Common.StringExtensions.GetFirstCharacters(System.String,System.Int32)] Missing &lt;param name=&quot;input&quot;/&gt; documentation [C:\Users\stefan\Documents\Visual Studio 2012\Projects\QPC\03-DocumentationAndComments\Help\Working\BuildReferenceTopics.proj]
BuildAssembler : warning : ShowMissingComponent: [M:Telerik.ILS.Common.StringExtensions.GetFirstCharacters(System.String,System.Int32)] Missing &lt;param name=&quot;charsCount&quot;/&gt; documentation [C:\Users\stefan\Documents\Visual Studio 2012\Projects\QPC\03-DocumentationAndComments\Help\Working\BuildReferenceTopics.proj]
BuildAssembler : warning : ResolveReferenceLinksComponent: [M:Telerik.ILS.Common.StringExtensions.GetFirstCharacters(System.String,System.Int32)] MSDN URL not found for target &#39;T:System.String&#39;. [C:\Users\stefan\Documents\Visual Studio 2012\Projects\QPC\03-DocumentationAndComments\Help\Working\BuildReferenceTopics.proj]
BuildAssembler : warning : ResolveReferenceLinksComponent: [M:Telerik.ILS.Common.StringExtensions.GetFirstCharacters(System.String,System.Int32)] MSDN URL not found for target &#39;T:System.Int32&#39;. [C:\Users\stefan\Documents\Visual Studio 2012\Projects\QPC\03-DocumentationAndComments\Help\Working\BuildReferenceTopics.proj]
BuildAssembler : warning : ResolveReferenceLinksComponent: [M:Telerik.ILS.Common.StringExtensions.GetFirstCharacters(System.String,System.Int32)] MSDN URL not found for target &#39;T:System.String&#39;. [C:\Users\stefan\Documents\Visual Studio 2012\Projects\QPC\03-DocumentationAndComments\Help\Working\BuildReferenceTopics.proj]
BuildAssembler : warning : ResolveReferenceLinksComponent: [M:Telerik.ILS.Common.StringExtensions.GetFirstCharacters(System.String,System.Int32)] MSDN URL not found for target &#39;T:System.String&#39;. [C:\Users\stefan\Documents\Visual Studio 2012\Projects\QPC\03-DocumentationAndComments\Help\Working\BuildReferenceTopics.proj]
BuildAssembler : warning : ShowMissingComponent: [M:Telerik.ILS.Common.StringExtensions.GetStringBetween(System.String,System.String,System.String,System.Int32)] Missing &lt;summary&gt; documentation [C:\Users\stefan\Documents\Visual Studio 2012\Projects\QPC\03-DocumentationAndComments\Help\Working\BuildReferenceTopics.proj]
BuildAssembler : warning : ShowMissingComponent: [M:Telerik.ILS.Common.StringExtensions.GetStringBetween(System.String,System.String,System.String,System.Int32)] Missing &lt;returns&gt; documentation [C:\Users\stefan\Documents\Visual Studio 2012\Projects\QPC\03-DocumentationAndComments\Help\Working\BuildReferenceTopics.proj]
BuildAssembler : warning : ShowMissingComponent: [M:Telerik.ILS.Common.StringExtensions.GetStringBetween(System.String,System.String,System.String,System.Int32)] Missing &lt;param name=&quot;input&quot;/&gt; documentation [C:\Users\stefan\Documents\Visual Studio 2012\Projects\QPC\03-DocumentationAndComments\Help\Working\BuildReferenceTopics.proj]
BuildAssembler : warning : ShowMissingComponent: [M:Telerik.ILS.Common.StringExtensions.GetStringBetween(System.String,System.String,System.String,System.Int32)] Missing &lt;param name=&quot;startString&quot;/&gt; documentation [C:\Users\stefan\Documents\Visual Studio 2012\Projects\QPC\03-DocumentationAndComments\Help\Working\BuildReferenceTopics.proj]
BuildAssembler : warning : ShowMissingComponent: [M:Telerik.ILS.Common.StringExtensions.GetStringBetween(System.String,System.String,System.String,System.Int32)] Missing &lt;param name=&quot;endString&quot;/&gt; documentation [C:\Users\stefan\Documents\Visual Studio 2012\Projects\QPC\03-DocumentationAndComments\Help\Working\BuildReferenceTopics.proj]
BuildAssembler : warning : ShowMissingComponent: [M:Telerik.ILS.Common.StringExtensions.GetStringBetween(System.String,System.String,System.String,System.Int32)] Missing &lt;param name=&quot;startFrom&quot;/&gt; documentation [C:\Users\stefan\Documents\Visual Studio 2012\Projects\QPC\03-DocumentationAndComments\Help\Working\BuildReferenceTopics.proj]
BuildAssembler : warning : ResolveReferenceLinksComponent: [M:Telerik.ILS.Common.StringExtensions.GetStringBetween(System.String,System.String,System.String,System.Int32)] MSDN URL not found for target &#39;T:System.String&#39;. [C:\Users\stefan\Documents\Visual Studio 2012\Projects\QPC\03-DocumentationAndComments\Help\Working\BuildReferenceTopics.proj]
BuildAssembler : warning : ResolveReferenceLinksComponent: [M:Telerik.ILS.Common.StringExtensions.GetStringBetween(System.String,System.String,System.String,System.Int32)] MSDN URL not found for target &#39;T:System.String&#39;. [C:\Users\stefan\Documents\Visual Studio 2012\Projects\QPC\03-DocumentationAndComments\Help\Working\BuildReferenceTopics.proj]
BuildAssembler : warning : ResolveReferenceLinksComponent: [M:Telerik.ILS.Common.StringExtensions.GetStringBetween(System.String,System.String,System.String,System.Int32)] MSDN URL not found for target &#39;T:System.String&#39;. [C:\Users\stefan\Documents\Visual Studio 2012\Projects\QPC\03-DocumentationAndComments\Help\Working\BuildReferenceTopics.proj]
BuildAssembler : warning : ResolveReferenceLinksComponent: [M:Telerik.ILS.Common.StringExtensions.GetStringBetween(System.String,System.String,System.String,System.Int32)] MSDN URL not found for target &#39;T:System.Int32&#39;. [C:\Users\stefan\Documents\Visual Studio 2012\Projects\QPC\03-DocumentationAndComments\Help\Working\BuildReferenceTopics.proj]
BuildAssembler : warning : ResolveReferenceLinksComponent: [M:Telerik.ILS.Common.StringExtensions.GetStringBetween(System.String,System.String,System.String,System.Int32)] MSDN URL not found for target &#39;T:System.String&#39;. [C:\Users\stefan\Documents\Visual Studio 2012\Projects\QPC\03-DocumentationAndComments\Help\Working\BuildReferenceTopics.proj]
BuildAssembler : warning : ResolveReferenceLinksComponent: [M:Telerik.ILS.Common.StringExtensions.GetStringBetween(System.String,System.String,System.String,System.Int32)] MSDN URL not found for target &#39;T:System.String&#39;. [C:\Users\stefan\Documents\Visual Studio 2012\Projects\QPC\03-DocumentationAndComments\Help\Working\BuildReferenceTopics.proj]
BuildAssembler : warning : ShowMissingComponent: [M:Telerik.ILS.Common.StringExtensions.ToBoolean(System.String)] Missing &lt;summary&gt; documentation [C:\Users\stefan\Documents\Visual Studio 2012\Projects\QPC\03-DocumentationAndComments\Help\Working\BuildReferenceTopics.proj]
BuildAssembler : warning : ShowMissingComponent: [M:Telerik.ILS.Common.StringExtensions.ToBoolean(System.String)] Missing &lt;returns&gt; documentation [C:\Users\stefan\Documents\Visual Studio 2012\Projects\QPC\03-DocumentationAndComments\Help\Working\BuildReferenceTopics.proj]
BuildAssembler : warning : ShowMissingComponent: [M:Telerik.ILS.Common.StringExtensions.ToBoolean(System.String)] Missing &lt;param name=&quot;input&quot;/&gt; documentation [C:\Users\stefan\Documents\Visual Studio 2012\Projects\QPC\03-DocumentationAndComments\Help\Working\BuildReferenceTopics.proj]
BuildAssembler : warning : ResolveReferenceLinksComponent: [M:Telerik.ILS.Common.StringExtensions.ToBoolean(System.String)] MSDN URL not found for target &#39;T:System.String&#39;. [C:\Users\stefan\Documents\Visual Studio 2012\Projects\QPC\03-DocumentationAndComments\Help\Working\BuildReferenceTopics.proj]
BuildAssembler : warning : ResolveReferenceLinksComponent: [M:Telerik.ILS.Common.StringExtensions.ToBoolean(System.String)] MSDN URL not found for target &#39;T:System.Boolean&#39;. [C:\Users\stefan\Documents\Visual Studio 2012\Projects\QPC\03-DocumentationAndComments\Help\Working\BuildReferenceTopics.proj]
BuildAssembler : warning : ResolveReferenceLinksComponent: [M:Telerik.ILS.Common.StringExtensions.ToBoolean(System.String)] MSDN URL not found for target &#39;T:System.String&#39;. [C:\Users\stefan\Documents\Visual Studio 2012\Projects\QPC\03-DocumentationAndComments\Help\Working\BuildReferenceTopics.proj]
BuildAssembler : warning : ShowMissingComponent: [M:Telerik.ILS.Common.StringExtensions.ToByteArray(System.String)] Missing &lt;summary&gt; documentation [C:\Users\stefan\Documents\Visual Studio 2012\Projects\QPC\03-DocumentationAndComments\Help\Working\BuildReferenceTopics.proj]
BuildAssembler : warning : ShowMissingComponent: [M:Telerik.ILS.Common.StringExtensions.ToByteArray(System.String)] Missing &lt;returns&gt; documentation [C:\Users\stefan\Documents\Visual Studio 2012\Projects\QPC\03-DocumentationAndComments\Help\Working\BuildReferenceTopics.proj]
BuildAssembler : warning : ShowMissingComponent: [M:Telerik.ILS.Common.StringExtensions.ToByteArray(System.String)] Missing &lt;param name=&quot;input&quot;/&gt; documentation [C:\Users\stefan\Documents\Visual Studio 2012\Projects\QPC\03-DocumentationAndComments\Help\Working\BuildReferenceTopics.proj]
BuildAssembler : warning : ResolveReferenceLinksComponent: [M:Telerik.ILS.Common.StringExtensions.ToByteArray(System.String)] MSDN URL not found for target &#39;T:System.String&#39;. [C:\Users\stefan\Documents\Visual Studio 2012\Projects\QPC\03-DocumentationAndComments\Help\Working\BuildReferenceTopics.proj]
BuildAssembler : warning : ResolveReferenceLinksComponent: [M:Telerik.ILS.Common.StringExtensions.ToByteArray(System.String)] MSDN URL not found for target &#39;T:System.Byte&#39;. [C:\Users\stefan\Documents\Visual Studio 2012\Projects\QPC\03-DocumentationAndComments\Help\Working\BuildReferenceTopics.proj]
BuildAssembler : warning : ResolveReferenceLinksComponent: [M:Telerik.ILS.Common.StringExtensions.ToByteArray(System.String)] MSDN URL not found for target &#39;T:System.String&#39;. [C:\Users\stefan\Documents\Visual Studio 2012\Projects\QPC\03-DocumentationAndComments\Help\Working\BuildReferenceTopics.proj]
BuildAssembler : warning : ShowMissingComponent: [M:Telerik.ILS.Common.StringExtensions.ToContentType(System.String)] Missing &lt;summary&gt; documentation [C:\Users\stefan\Documents\Visual Studio 2012\Projects\QPC\03-DocumentationAndComments\Help\Working\BuildReferenceTopics.proj]
BuildAssembler : warning : ShowMissingComponent: [M:Telerik.ILS.Common.StringExtensions.ToContentType(System.String)] Missing &lt;returns&gt; documentation [C:\Users\stefan\Documents\Visual Studio 2012\Projects\QPC\03-DocumentationAndComments\Help\Working\BuildReferenceTopics.proj]
BuildAssembler : warning : ShowMissingComponent: [M:Telerik.ILS.Common.StringExtensions.ToContentType(System.String)] Missing &lt;param name=&quot;fileExtension&quot;/&gt; documentation [C:\Users\stefan\Documents\Visual Studio 2012\Projects\QPC\03-DocumentationAndComments\Help\Working\BuildReferenceTopics.proj]
BuildAssembler : warning : ResolveReferenceLinksComponent: [M:Telerik.ILS.Common.StringExtensions.ToContentType(System.String)] MSDN URL not found for target &#39;T:System.String&#39;. [C:\Users\stefan\Documents\Visual Studio 2012\Projects\QPC\03-DocumentationAndComments\Help\Working\BuildReferenceTopics.proj]
BuildAssembler : warning : ResolveReferenceLinksComponent: [M:Telerik.ILS.Common.StringExtensions.ToContentType(System.String)] MSDN URL not found for target &#39;T:System.String&#39;. [C:\Users\stefan\Documents\Visual Studio 2012\Projects\QPC\03-DocumentationAndComments\Help\Working\BuildReferenceTopics.proj]
BuildAssembler : warning : ResolveReferenceLinksComponent: [M:Telerik.ILS.Common.StringExtensions.ToContentType(System.String)] MSDN URL not found for target &#39;T:System.String&#39;. [C:\Users\stefan\Documents\Visual Studio 2012\Projects\QPC\03-DocumentationAndComments\Help\Working\BuildReferenceTopics.proj]
BuildAssembler : warning : ShowMissingComponent: [M:Telerik.ILS.Common.StringExtensions.ToDateTime(System.String)] Missing &lt;summary&gt; documentation [C:\Users\stefan\Documents\Visual Studio 2012\Projects\QPC\03-DocumentationAndComments\Help\Working\BuildReferenceTopics.proj]
BuildAssembler : warning : ShowMissingComponent: [M:Telerik.ILS.Common.StringExtensions.ToDateTime(System.String)] Missing &lt;returns&gt; documentation [C:\Users\stefan\Documents\Visual Studio 2012\Projects\QPC\03-DocumentationAndComments\Help\Working\BuildReferenceTopics.proj]
BuildAssembler : warning : ShowMissingComponent: [M:Telerik.ILS.Common.StringExtensions.ToDateTime(System.String)] Missing &lt;param name=&quot;input&quot;/&gt; documentation [C:\Users\stefan\Documents\Visual Studio 2012\Projects\QPC\03-DocumentationAndComments\Help\Working\BuildReferenceTopics.proj]
BuildAssembler : warning : ResolveReferenceLinksComponent: [M:Telerik.ILS.Common.StringExtensions.ToDateTime(System.String)] MSDN URL not found for target &#39;T:System.String&#39;. [C:\Users\stefan\Documents\Visual Studio 2012\Projects\QPC\03-DocumentationAndComments\Help\Working\BuildReferenceTopics.proj]
BuildAssembler : warning : ResolveReferenceLinksComponent: [M:Telerik.ILS.Common.StringExtensions.ToDateTime(System.String)] MSDN URL not found for target &#39;T:System.DateTime&#39;. [C:\Users\stefan\Documents\Visual Studio 2012\Projects\QPC\03-DocumentationAndComments\Help\Working\BuildReferenceTopics.proj]
BuildAssembler : warning : ResolveReferenceLinksComponent: [M:Telerik.ILS.Common.StringExtensions.ToDateTime(System.String)] MSDN URL not found for target &#39;T:System.String&#39;. [C:\Users\stefan\Documents\Visual Studio 2012\Projects\QPC\03-DocumentationAndComments\Help\Working\BuildReferenceTopics.proj]
BuildAssembler : warning : ShowMissingComponent: [M:Telerik.ILS.Common.StringExtensions.ToInteger(System.String)] Missing &lt;summary&gt; documentation [C:\Users\stefan\Documents\Visual Studio 2012\Projects\QPC\03-DocumentationAndComments\Help\Working\BuildReferenceTopics.proj]
BuildAssembler : warning : ShowMissingComponent: [M:Telerik.ILS.Common.StringExtensions.ToInteger(System.String)] Missing &lt;returns&gt; documentation [C:\Users\stefan\Documents\Visual Studio 2012\Projects\QPC\03-DocumentationAndComments\Help\Working\BuildReferenceTopics.proj]
BuildAssembler : warning : ShowMissingComponent: [M:Telerik.ILS.Common.StringExtensions.ToInteger(System.String)] Missing &lt;param name=&quot;input&quot;/&gt; documentation [C:\Users\stefan\Documents\Visual Studio 2012\Projects\QPC\03-DocumentationAndComments\Help\Working\BuildReferenceTopics.proj]
BuildAssembler : warning : ResolveReferenceLinksComponent: [M:Telerik.ILS.Common.StringExtensions.ToInteger(System.String)] MSDN URL not found for target &#39;T:System.String&#39;. [C:\Users\stefan\Documents\Visual Studio 2012\Projects\QPC\03-DocumentationAndComments\Help\Working\BuildReferenceTopics.proj]
BuildAssembler : warning : ResolveReferenceLinksComponent: [M:Telerik.ILS.Common.StringExtensions.ToInteger(System.String)] MSDN URL not found for target &#39;T:System.Int32&#39;. [C:\Users\stefan\Documents\Visual Studio 2012\Projects\QPC\03-DocumentationAndComments\Help\Working\BuildReferenceTopics.proj]
BuildAssembler : warning : ResolveReferenceLinksComponent: [M:Telerik.ILS.Common.StringExtensions.ToInteger(System.String)] MSDN URL not found for target &#39;T:System.String&#39;. [C:\Users\stefan\Documents\Visual Studio 2012\Projects\QPC\03-DocumentationAndComments\Help\Working\BuildReferenceTopics.proj]
BuildAssembler : warning : ShowMissingComponent: [M:Telerik.ILS.Common.StringExtensions.ToLong(System.String)] Missing &lt;summary&gt; documentation [C:\Users\stefan\Documents\Visual Studio 2012\Projects\QPC\03-DocumentationAndComments\Help\Working\BuildReferenceTopics.proj]
BuildAssembler : warning : ShowMissingComponent: [M:Telerik.ILS.Common.StringExtensions.ToLong(System.String)] Missing &lt;returns&gt; documentation [C:\Users\stefan\Documents\Visual Studio 2012\Projects\QPC\03-DocumentationAndComments\Help\Working\BuildReferenceTopics.proj]
BuildAssembler : warning : ShowMissingComponent: [M:Telerik.ILS.Common.StringExtensions.ToLong(System.String)] Missing &lt;param name=&quot;input&quot;/&gt; documentation [C:\Users\stefan\Documents\Visual Studio 2012\Projects\QPC\03-DocumentationAndComments\Help\Working\BuildReferenceTopics.proj]
BuildAssembler : warning : ResolveReferenceLinksComponent: [M:Telerik.ILS.Common.StringExtensions.ToLong(System.String)] MSDN URL not found for target &#39;T:System.String&#39;. [C:\Users\stefan\Documents\Visual Studio 2012\Projects\QPC\03-DocumentationAndComments\Help\Working\BuildReferenceTopics.proj]
BuildAssembler : warning : ResolveReferenceLinksComponent: [M:Telerik.ILS.Common.StringExtensions.ToLong(System.String)] MSDN URL not found for target &#39;T:System.Int64&#39;. [C:\Users\stefan\Documents\Visual Studio 2012\Projects\QPC\03-DocumentationAndComments\Help\Working\BuildReferenceTopics.proj]
BuildAssembler : warning : ResolveReferenceLinksComponent: [M:Telerik.ILS.Common.StringExtensions.ToLong(System.String)] MSDN URL not found for target &#39;T:System.String&#39;. [C:\Users\stefan\Documents\Visual Studio 2012\Projects\QPC\03-DocumentationAndComments\Help\Working\BuildReferenceTopics.proj]
BuildAssembler : warning : ShowMissingComponent: [M:Telerik.ILS.Common.StringExtensions.ToMd5Hash(System.String)] Missing &lt;summary&gt; documentation [C:\Users\stefan\Documents\Visual Studio 2012\Projects\QPC\03-DocumentationAndComments\Help\Working\BuildReferenceTopics.proj]
BuildAssembler : warning : ShowMissingComponent: [M:Telerik.ILS.Common.StringExtensions.ToMd5Hash(System.String)] Missing &lt;returns&gt; documentation [C:\Users\stefan\Documents\Visual Studio 2012\Projects\QPC\03-DocumentationAndComments\Help\Working\BuildReferenceTopics.proj]
BuildAssembler : warning : ShowMissingComponent: [M:Telerik.ILS.Common.StringExtensions.ToMd5Hash(System.String)] Missing &lt;param name=&quot;input&quot;/&gt; documentation [C:\Users\stefan\Documents\Visual Studio 2012\Projects\QPC\03-DocumentationAndComments\Help\Working\BuildReferenceTopics.proj]
BuildAssembler : warning : ResolveReferenceLinksComponent: [M:Telerik.ILS.Common.StringExtensions.ToMd5Hash(System.String)] MSDN URL not found for target &#39;T:System.String&#39;. [C:\Users\stefan\Documents\Visual Studio 2012\Projects\QPC\03-DocumentationAndComments\Help\Working\BuildReferenceTopics.proj]
BuildAssembler : warning : ResolveReferenceLinksComponent: [M:Telerik.ILS.Common.StringExtensions.ToMd5Hash(System.String)] MSDN URL not found for target &#39;T:System.String&#39;. [C:\Users\stefan\Documents\Visual Studio 2012\Projects\QPC\03-DocumentationAndComments\Help\Working\BuildReferenceTopics.proj]
BuildAssembler : warning : ResolveReferenceLinksComponent: [M:Telerik.ILS.Common.StringExtensions.ToMd5Hash(System.String)] MSDN URL not found for target &#39;T:System.String&#39;. [C:\Users\stefan\Documents\Visual Studio 2012\Projects\QPC\03-DocumentationAndComments\Help\Working\BuildReferenceTopics.proj]
BuildAssembler : warning : ShowMissingComponent: [M:Telerik.ILS.Common.StringExtensions.ToShort(System.String)] Missing &lt;summary&gt; documentation [C:\Users\stefan\Documents\Visual Studio 2012\Projects\QPC\03-DocumentationAndComments\Help\Working\BuildReferenceTopics.proj]
BuildAssembler : warning : ShowMissingComponent: [M:Telerik.ILS.Common.StringExtensions.ToShort(System.String)] Missing &lt;returns&gt; documentation [C:\Users\stefan\Documents\Visual Studio 2012\Projects\QPC\03-DocumentationAndComments\Help\Working\BuildReferenceTopics.proj]
BuildAssembler : warning : ShowMissingComponent: [M:Telerik.ILS.Common.StringExtensions.ToShort(System.String)] Missing &lt;param name=&quot;input&quot;/&gt; documentation [C:\Users\stefan\Documents\Visual Studio 2012\Projects\QPC\03-DocumentationAndComments\Help\Working\BuildReferenceTopics.proj]
BuildAssembler : warning : ResolveReferenceLinksComponent: [M:Telerik.ILS.Common.StringExtensions.ToShort(System.String)] MSDN URL not found for target &#39;T:System.String&#39;. [C:\Users\stefan\Documents\Visual Studio 2012\Projects\QPC\03-DocumentationAndComments\Help\Working\BuildReferenceTopics.proj]
BuildAssembler : warning : ResolveReferenceLinksComponent: [M:Telerik.ILS.Common.StringExtensions.ToShort(System.String)] MSDN URL not found for target &#39;T:System.Int16&#39;. [C:\Users\stefan\Documents\Visual Studio 2012\Projects\QPC\03-DocumentationAndComments\Help\Working\BuildReferenceTopics.proj]
BuildAssembler : warning : ResolveReferenceLinksComponent: [M:Telerik.ILS.Common.StringExtensions.ToShort(System.String)] MSDN URL not found for target &#39;T:System.String&#39;. [C:\Users\stefan\Documents\Visual Studio 2012\Projects\QPC\03-DocumentationAndComments\Help\Working\BuildReferenceTopics.proj]
BuildAssembler : warning : ShowMissingComponent: [M:Telerik.ILS.Common.StringExtensions.ToValidLatinFileName(System.String)] Missing &lt;summary&gt; documentation [C:\Users\stefan\Documents\Visual Studio 2012\Projects\QPC\03-DocumentationAndComments\Help\Working\BuildReferenceTopics.proj]
BuildAssembler : warning : ShowMissingComponent: [M:Telerik.ILS.Common.StringExtensions.ToValidLatinFileName(System.String)] Missing &lt;returns&gt; documentation [C:\Users\stefan\Documents\Visual Studio 2012\Projects\QPC\03-DocumentationAndComments\Help\Working\BuildReferenceTopics.proj]
BuildAssembler : warning : ShowMissingComponent: [M:Telerik.ILS.Common.StringExtensions.ToValidLatinFileName(System.String)] Missing &lt;param name=&quot;input&quot;/&gt; documentation [C:\Users\stefan\Documents\Visual Studio 2012\Projects\QPC\03-DocumentationAndComments\Help\Working\BuildReferenceTopics.proj]
BuildAssembler : warning : ResolveReferenceLinksComponent: [M:Telerik.ILS.Common.StringExtensions.ToValidLatinFileName(System.String)] MSDN URL not found for target &#39;T:System.String&#39;. [C:\Users\stefan\Documents\Visual Studio 2012\Projects\QPC\03-DocumentationAndComments\Help\Working\BuildReferenceTopics.proj]
BuildAssembler : warning : ResolveReferenceLinksComponent: [M:Telerik.ILS.Common.StringExtensions.ToValidLatinFileName(System.String)] MSDN URL not found for target &#39;T:System.String&#39;. [C:\Users\stefan\Documents\Visual Studio 2012\Projects\QPC\03-DocumentationAndComments\Help\Working\BuildReferenceTopics.proj]
BuildAssembler : warning : ResolveReferenceLinksComponent: [M:Telerik.ILS.Common.StringExtensions.ToValidLatinFileName(System.String)] MSDN URL not found for target &#39;T:System.String&#39;. [C:\Users\stefan\Documents\Visual Studio 2012\Projects\QPC\03-DocumentationAndComments\Help\Working\BuildReferenceTopics.proj]
BuildAssembler : warning : ShowMissingComponent: [M:Telerik.ILS.Common.StringExtensions.ToValidUsername(System.String)] Missing &lt;summary&gt; documentation [C:\Users\stefan\Documents\Visual Studio 2012\Projects\QPC\03-DocumentationAndComments\Help\Working\BuildReferenceTopics.proj]
BuildAssembler : warning : ShowMissingComponent: [M:Telerik.ILS.Common.StringExtensions.ToValidUsername(System.String)] Missing &lt;returns&gt; documentation [C:\Users\stefan\Documents\Visual Studio 2012\Projects\QPC\03-DocumentationAndComments\Help\Working\BuildReferenceTopics.proj]
BuildAssembler : warning : ShowMissingComponent: [M:Telerik.ILS.Common.StringExtensions.ToValidUsername(System.String)] Missing &lt;param name=&quot;input&quot;/&gt; documentation [C:\Users\stefan\Documents\Visual Studio 2012\Projects\QPC\03-DocumentationAndComments\Help\Working\BuildReferenceTopics.proj]
BuildAssembler : warning : ResolveReferenceLinksComponent: [M:Telerik.ILS.Common.StringExtensions.ToValidUsername(System.String)] MSDN URL not found for target &#39;T:System.String&#39;. [C:\Users\stefan\Documents\Visual Studio 2012\Projects\QPC\03-DocumentationAndComments\Help\Working\BuildReferenceTopics.proj]
BuildAssembler : warning : ResolveReferenceLinksComponent: [M:Telerik.ILS.Common.StringExtensions.ToValidUsername(System.String)] MSDN URL not found for target &#39;T:System.String&#39;. [C:\Users\stefan\Documents\Visual Studio 2012\Projects\QPC\03-DocumentationAndComments\Help\Working\BuildReferenceTopics.proj]
BuildAssembler : warning : ResolveReferenceLinksComponent: [M:Telerik.ILS.Common.StringExtensions.ToValidUsername(System.String)] MSDN URL not found for target &#39;T:System.String&#39;. [C:\Users\stefan\Documents\Visual Studio 2012\Projects\QPC\03-DocumentationAndComments\Help\Working\BuildReferenceTopics.proj]
  Processed 20 topic(s)
  107 warning(s)
  CopyFromIndexComponent: &quot;reflection&quot; in-memory cache entries used: 2 of 15.
  CopyFromIndexComponent: &quot;comments&quot; in-memory cache entries used: 2 of 30.
  ResolveReferenceLinksComponent: New MSDN content ID cache size: 8 entries
Done Building Project &quot;C:\Users\stefan\Documents\Visual Studio 2012\Projects\QPC\03-DocumentationAndComments\Help\Working\BuildReferenceTopics.proj&quot; (default targets).

Build succeeded.

Time Elapsed 00:02:19.32
    Last step completed in 00:02:19.4260
</buildStep>
<buildStep step="CombiningIntermediateTocFiles">
Combining conceptual and API intermediate TOC files...
    Last step completed in 00:00:00.0030
</buildStep>
<buildStep step="ExtractingHtmlInfo">
Extracting HTML info for HTML Help 1 and/or website...
[C:\Windows\Microsoft.NET\Framework\v4.0.30319\MSBuild.exe]
Sandcastle Help File Builder, version 2014.4.22.0
Copyright c 2006-2014, Eric Woodruff, All Rights Reserved
E-Mail: Eric@EWoodruff.us

Using LCID &#39;1033&#39;, code page &#39;65001&#39;, encoding charset &#39;UTF-8&#39;.

Processing Help 1 files in C:\Users\stefan\Documents\Visual Studio 2012\Projects\QPC\03-DocumentationAndComments\Help\Working\Output\HtmlHelp1
Processed 20 HTML files
Sorting keywords and generating See Also indices
Saving HTML Help 1 keyword index to C:\Users\stefan\Documents\Visual Studio 2012\Projects\QPC\03-DocumentationAndComments\Help\Working\Documentation.hhk
Saving HTML Help 1 table of contents to C:\Users\stefan\Documents\Visual Studio 2012\Projects\QPC\03-DocumentationAndComments\Help\Working\Documentation.hhc
    Last step completed in 00:00:00.3110
</buildStep>
<buildStep step="CopyStandardHelpContent">
Copying standard help content...
C:\Program Files\EWSoftware\Sandcastle Help File Builder\PresentationStyles\VS2005\icons\adm.gif -&gt; C:\Users\stefan\Documents\Visual Studio 2012\Projects\QPC\03-DocumentationAndComments\Help\Working\Output\HtmlHelp1\icons\adm.gif
C:\Program Files\EWSoftware\Sandcastle Help File Builder\PresentationStyles\VS2005\icons\adm_arch.gif -&gt; C:\Users\stefan\Documents\Visual Studio 2012\Projects\QPC\03-DocumentationAndComments\Help\Working\Output\HtmlHelp1\icons\adm_arch.gif
C:\Program Files\EWSoftware\Sandcastle Help File Builder\PresentationStyles\VS2005\icons\adm_dev.gif -&gt; C:\Users\stefan\Documents\Visual Studio 2012\Projects\QPC\03-DocumentationAndComments\Help\Working\Output\HtmlHelp1\icons\adm_dev.gif
C:\Program Files\EWSoftware\Sandcastle Help File Builder\PresentationStyles\VS2005\icons\adm_dev_arch.gif -&gt; C:\Users\stefan\Documents\Visual Studio 2012\Projects\QPC\03-DocumentationAndComments\Help\Working\Output\HtmlHelp1\icons\adm_dev_arch.gif
C:\Program Files\EWSoftware\Sandcastle Help File Builder\PresentationStyles\VS2005\icons\alert_caution.gif -&gt; C:\Users\stefan\Documents\Visual Studio 2012\Projects\QPC\03-DocumentationAndComments\Help\Working\Output\HtmlHelp1\icons\alert_caution.gif
C:\Program Files\EWSoftware\Sandcastle Help File Builder\PresentationStyles\VS2005\icons\alert_note.gif -&gt; C:\Users\stefan\Documents\Visual Studio 2012\Projects\QPC\03-DocumentationAndComments\Help\Working\Output\HtmlHelp1\icons\alert_note.gif
C:\Program Files\EWSoftware\Sandcastle Help File Builder\PresentationStyles\VS2005\icons\alert_security.gif -&gt; C:\Users\stefan\Documents\Visual Studio 2012\Projects\QPC\03-DocumentationAndComments\Help\Working\Output\HtmlHelp1\icons\alert_security.gif
C:\Program Files\EWSoftware\Sandcastle Help File Builder\PresentationStyles\VS2005\icons\arch.gif -&gt; C:\Users\stefan\Documents\Visual Studio 2012\Projects\QPC\03-DocumentationAndComments\Help\Working\Output\HtmlHelp1\icons\arch.gif
C:\Program Files\EWSoftware\Sandcastle Help File Builder\PresentationStyles\VS2005\icons\big_adm.gif -&gt; C:\Users\stefan\Documents\Visual Studio 2012\Projects\QPC\03-DocumentationAndComments\Help\Working\Output\HtmlHelp1\icons\big_adm.gif
C:\Program Files\EWSoftware\Sandcastle Help File Builder\PresentationStyles\VS2005\icons\big_arch.gif -&gt; C:\Users\stefan\Documents\Visual Studio 2012\Projects\QPC\03-DocumentationAndComments\Help\Working\Output\HtmlHelp1\icons\big_arch.gif
C:\Program Files\EWSoftware\Sandcastle Help File Builder\PresentationStyles\VS2005\icons\big_dev.gif -&gt; C:\Users\stefan\Documents\Visual Studio 2012\Projects\QPC\03-DocumentationAndComments\Help\Working\Output\HtmlHelp1\icons\big_dev.gif
C:\Program Files\EWSoftware\Sandcastle Help File Builder\PresentationStyles\VS2005\icons\big_kw.gif -&gt; C:\Users\stefan\Documents\Visual Studio 2012\Projects\QPC\03-DocumentationAndComments\Help\Working\Output\HtmlHelp1\icons\big_kw.gif
C:\Program Files\EWSoftware\Sandcastle Help File Builder\PresentationStyles\VS2005\icons\box.gif -&gt; C:\Users\stefan\Documents\Visual Studio 2012\Projects\QPC\03-DocumentationAndComments\Help\Working\Output\HtmlHelp1\icons\box.gif
C:\Program Files\EWSoftware\Sandcastle Help File Builder\PresentationStyles\VS2005\icons\Caution.gif -&gt; C:\Users\stefan\Documents\Visual Studio 2012\Projects\QPC\03-DocumentationAndComments\Help\Working\Output\HtmlHelp1\icons\Caution.gif
C:\Program Files\EWSoftware\Sandcastle Help File Builder\PresentationStyles\VS2005\icons\CFW.gif -&gt; C:\Users\stefan\Documents\Visual Studio 2012\Projects\QPC\03-DocumentationAndComments\Help\Working\Output\HtmlHelp1\icons\CFW.gif
C:\Program Files\EWSoftware\Sandcastle Help File Builder\PresentationStyles\VS2005\icons\collall.gif -&gt; C:\Users\stefan\Documents\Visual Studio 2012\Projects\QPC\03-DocumentationAndComments\Help\Working\Output\HtmlHelp1\icons\collall.gif
C:\Program Files\EWSoftware\Sandcastle Help File Builder\PresentationStyles\VS2005\icons\collapse.gif -&gt; C:\Users\stefan\Documents\Visual Studio 2012\Projects\QPC\03-DocumentationAndComments\Help\Working\Output\HtmlHelp1\icons\collapse.gif
C:\Program Files\EWSoftware\Sandcastle Help File Builder\PresentationStyles\VS2005\icons\collapse_all.gif -&gt; C:\Users\stefan\Documents\Visual Studio 2012\Projects\QPC\03-DocumentationAndComments\Help\Working\Output\HtmlHelp1\icons\collapse_all.gif
C:\Program Files\EWSoftware\Sandcastle Help File Builder\PresentationStyles\VS2005\icons\copycode.gif -&gt; C:\Users\stefan\Documents\Visual Studio 2012\Projects\QPC\03-DocumentationAndComments\Help\Working\Output\HtmlHelp1\icons\copycode.gif
C:\Program Files\EWSoftware\Sandcastle Help File Builder\PresentationStyles\VS2005\icons\copycodeHighlight.gif -&gt; C:\Users\stefan\Documents\Visual Studio 2012\Projects\QPC\03-DocumentationAndComments\Help\Working\Output\HtmlHelp1\icons\copycodeHighlight.gif
C:\Program Files\EWSoftware\Sandcastle Help File Builder\PresentationStyles\VS2005\icons\dev.gif -&gt; C:\Users\stefan\Documents\Visual Studio 2012\Projects\QPC\03-DocumentationAndComments\Help\Working\Output\HtmlHelp1\icons\dev.gif
C:\Program Files\EWSoftware\Sandcastle Help File Builder\PresentationStyles\VS2005\icons\dev_arch.gif -&gt; C:\Users\stefan\Documents\Visual Studio 2012\Projects\QPC\03-DocumentationAndComments\Help\Working\Output\HtmlHelp1\icons\dev_arch.gif
C:\Program Files\EWSoftware\Sandcastle Help File Builder\PresentationStyles\VS2005\icons\dropdown.gif -&gt; C:\Users\stefan\Documents\Visual Studio 2012\Projects\QPC\03-DocumentationAndComments\Help\Working\Output\HtmlHelp1\icons\dropdown.gif
C:\Program Files\EWSoftware\Sandcastle Help File Builder\PresentationStyles\VS2005\icons\dropdownHover.gif -&gt; C:\Users\stefan\Documents\Visual Studio 2012\Projects\QPC\03-DocumentationAndComments\Help\Working\Output\HtmlHelp1\icons\dropdownHover.gif
C:\Program Files\EWSoftware\Sandcastle Help File Builder\PresentationStyles\VS2005\icons\drpdown.gif -&gt; C:\Users\stefan\Documents\Visual Studio 2012\Projects\QPC\03-DocumentationAndComments\Help\Working\Output\HtmlHelp1\icons\drpdown.gif
C:\Program Files\EWSoftware\Sandcastle Help File Builder\PresentationStyles\VS2005\icons\drpdown_orange.gif -&gt; C:\Users\stefan\Documents\Visual Studio 2012\Projects\QPC\03-DocumentationAndComments\Help\Working\Output\HtmlHelp1\icons\drpdown_orange.gif
C:\Program Files\EWSoftware\Sandcastle Help File Builder\PresentationStyles\VS2005\icons\drpdown_orange_up.gif -&gt; C:\Users\stefan\Documents\Visual Studio 2012\Projects\QPC\03-DocumentationAndComments\Help\Working\Output\HtmlHelp1\icons\drpdown_orange_up.gif
C:\Program Files\EWSoftware\Sandcastle Help File Builder\PresentationStyles\VS2005\icons\drpup.gif -&gt; C:\Users\stefan\Documents\Visual Studio 2012\Projects\QPC\03-DocumentationAndComments\Help\Working\Output\HtmlHelp1\icons\drpup.gif
C:\Program Files\EWSoftware\Sandcastle Help File Builder\PresentationStyles\VS2005\icons\exp.gif -&gt; C:\Users\stefan\Documents\Visual Studio 2012\Projects\QPC\03-DocumentationAndComments\Help\Working\Output\HtmlHelp1\icons\exp.gif
C:\Program Files\EWSoftware\Sandcastle Help File Builder\PresentationStyles\VS2005\icons\expall.gif -&gt; C:\Users\stefan\Documents\Visual Studio 2012\Projects\QPC\03-DocumentationAndComments\Help\Working\Output\HtmlHelp1\icons\expall.gif
C:\Program Files\EWSoftware\Sandcastle Help File Builder\PresentationStyles\VS2005\icons\expand_all.gif -&gt; C:\Users\stefan\Documents\Visual Studio 2012\Projects\QPC\03-DocumentationAndComments\Help\Working\Output\HtmlHelp1\icons\expand_all.gif
C:\Program Files\EWSoftware\Sandcastle Help File Builder\PresentationStyles\VS2005\icons\filter1a.gif -&gt; C:\Users\stefan\Documents\Visual Studio 2012\Projects\QPC\03-DocumentationAndComments\Help\Working\Output\HtmlHelp1\icons\filter1a.gif
C:\Program Files\EWSoftware\Sandcastle Help File Builder\PresentationStyles\VS2005\icons\filter1c.gif -&gt; C:\Users\stefan\Documents\Visual Studio 2012\Projects\QPC\03-DocumentationAndComments\Help\Working\Output\HtmlHelp1\icons\filter1c.gif
C:\Program Files\EWSoftware\Sandcastle Help File Builder\PresentationStyles\VS2005\icons\footer.gif -&gt; C:\Users\stefan\Documents\Visual Studio 2012\Projects\QPC\03-DocumentationAndComments\Help\Working\Output\HtmlHelp1\icons\footer.gif
C:\Program Files\EWSoftware\Sandcastle Help File Builder\PresentationStyles\VS2005\icons\gradient.gif -&gt; C:\Users\stefan\Documents\Visual Studio 2012\Projects\QPC\03-DocumentationAndComments\Help\Working\Output\HtmlHelp1\icons\gradient.gif
C:\Program Files\EWSoftware\Sandcastle Help File Builder\PresentationStyles\VS2005\icons\greencheck.gif -&gt; C:\Users\stefan\Documents\Visual Studio 2012\Projects\QPC\03-DocumentationAndComments\Help\Working\Output\HtmlHelp1\icons\greencheck.gif
C:\Program Files\EWSoftware\Sandcastle Help File Builder\PresentationStyles\VS2005\icons\greychck.gif -&gt; C:\Users\stefan\Documents\Visual Studio 2012\Projects\QPC\03-DocumentationAndComments\Help\Working\Output\HtmlHelp1\icons\greychck.gif
C:\Program Files\EWSoftware\Sandcastle Help File Builder\PresentationStyles\VS2005\icons\header_prev_next.jpg -&gt; C:\Users\stefan\Documents\Visual Studio 2012\Projects\QPC\03-DocumentationAndComments\Help\Working\Output\HtmlHelp1\icons\header_prev_next.jpg
C:\Program Files\EWSoftware\Sandcastle Help File Builder\PresentationStyles\VS2005\icons\header_sql_tutorial_blank.jpg -&gt; C:\Users\stefan\Documents\Visual Studio 2012\Projects\QPC\03-DocumentationAndComments\Help\Working\Output\HtmlHelp1\icons\header_sql_tutorial_blank.jpg
C:\Program Files\EWSoftware\Sandcastle Help File Builder\PresentationStyles\VS2005\icons\header_sql_tutorial_logo.GIF -&gt; C:\Users\stefan\Documents\Visual Studio 2012\Projects\QPC\03-DocumentationAndComments\Help\Working\Output\HtmlHelp1\icons\header_sql_tutorial_logo.GIF
C:\Program Files\EWSoftware\Sandcastle Help File Builder\PresentationStyles\VS2005\icons\kw.gif -&gt; C:\Users\stefan\Documents\Visual Studio 2012\Projects\QPC\03-DocumentationAndComments\Help\Working\Output\HtmlHelp1\icons\kw.gif
C:\Program Files\EWSoftware\Sandcastle Help File Builder\PresentationStyles\VS2005\icons\kw_adm.gif -&gt; C:\Users\stefan\Documents\Visual Studio 2012\Projects\QPC\03-DocumentationAndComments\Help\Working\Output\HtmlHelp1\icons\kw_adm.gif
C:\Program Files\EWSoftware\Sandcastle Help File Builder\PresentationStyles\VS2005\icons\kw_adm_arch.gif -&gt; C:\Users\stefan\Documents\Visual Studio 2012\Projects\QPC\03-DocumentationAndComments\Help\Working\Output\HtmlHelp1\icons\kw_adm_arch.gif
C:\Program Files\EWSoftware\Sandcastle Help File Builder\PresentationStyles\VS2005\icons\kw_adm_dev.gif -&gt; C:\Users\stefan\Documents\Visual Studio 2012\Projects\QPC\03-DocumentationAndComments\Help\Working\Output\HtmlHelp1\icons\kw_adm_dev.gif
C:\Program Files\EWSoftware\Sandcastle Help File Builder\PresentationStyles\VS2005\icons\kw_adm_dev_arch.gif -&gt; C:\Users\stefan\Documents\Visual Studio 2012\Projects\QPC\03-DocumentationAndComments\Help\Working\Output\HtmlHelp1\icons\kw_adm_dev_arch.gif
C:\Program Files\EWSoftware\Sandcastle Help File Builder\PresentationStyles\VS2005\icons\kw_arch.gif -&gt; C:\Users\stefan\Documents\Visual Studio 2012\Projects\QPC\03-DocumentationAndComments\Help\Working\Output\HtmlHelp1\icons\kw_arch.gif
C:\Program Files\EWSoftware\Sandcastle Help File Builder\PresentationStyles\VS2005\icons\kw_dev.gif -&gt; C:\Users\stefan\Documents\Visual Studio 2012\Projects\QPC\03-DocumentationAndComments\Help\Working\Output\HtmlHelp1\icons\kw_dev.gif
C:\Program Files\EWSoftware\Sandcastle Help File Builder\PresentationStyles\VS2005\icons\kw_dev_arch.gif -&gt; C:\Users\stefan\Documents\Visual Studio 2012\Projects\QPC\03-DocumentationAndComments\Help\Working\Output\HtmlHelp1\icons\kw_dev_arch.gif
C:\Program Files\EWSoftware\Sandcastle Help File Builder\PresentationStyles\VS2005\icons\LastChild.gif -&gt; C:\Users\stefan\Documents\Visual Studio 2012\Projects\QPC\03-DocumentationAndComments\Help\Working\Output\HtmlHelp1\icons\LastChild.gif
C:\Program Files\EWSoftware\Sandcastle Help File Builder\PresentationStyles\VS2005\icons\load.gif -&gt; C:\Users\stefan\Documents\Visual Studio 2012\Projects\QPC\03-DocumentationAndComments\Help\Working\Output\HtmlHelp1\icons\load.gif
C:\Program Files\EWSoftware\Sandcastle Help File Builder\PresentationStyles\VS2005\icons\load_hover.gif -&gt; C:\Users\stefan\Documents\Visual Studio 2012\Projects\QPC\03-DocumentationAndComments\Help\Working\Output\HtmlHelp1\icons\load_hover.gif
C:\Program Files\EWSoftware\Sandcastle Help File Builder\PresentationStyles\VS2005\icons\note.gif -&gt; C:\Users\stefan\Documents\Visual Studio 2012\Projects\QPC\03-DocumentationAndComments\Help\Working\Output\HtmlHelp1\icons\note.gif
C:\Program Files\EWSoftware\Sandcastle Help File Builder\PresentationStyles\VS2005\icons\pencil.GIF -&gt; C:\Users\stefan\Documents\Visual Studio 2012\Projects\QPC\03-DocumentationAndComments\Help\Working\Output\HtmlHelp1\icons\pencil.GIF
C:\Program Files\EWSoftware\Sandcastle Help File Builder\PresentationStyles\VS2005\icons\privclass.gif -&gt; C:\Users\stefan\Documents\Visual Studio 2012\Projects\QPC\03-DocumentationAndComments\Help\Working\Output\HtmlHelp1\icons\privclass.gif
C:\Program Files\EWSoftware\Sandcastle Help File Builder\PresentationStyles\VS2005\icons\privdelegate.gif -&gt; C:\Users\stefan\Documents\Visual Studio 2012\Projects\QPC\03-DocumentationAndComments\Help\Working\Output\HtmlHelp1\icons\privdelegate.gif
C:\Program Files\EWSoftware\Sandcastle Help File Builder\PresentationStyles\VS2005\icons\privenum.gif -&gt; C:\Users\stefan\Documents\Visual Studio 2012\Projects\QPC\03-DocumentationAndComments\Help\Working\Output\HtmlHelp1\icons\privenum.gif
C:\Program Files\EWSoftware\Sandcastle Help File Builder\PresentationStyles\VS2005\icons\privenumeration.gif -&gt; C:\Users\stefan\Documents\Visual Studio 2012\Projects\QPC\03-DocumentationAndComments\Help\Working\Output\HtmlHelp1\icons\privenumeration.gif
C:\Program Files\EWSoftware\Sandcastle Help File Builder\PresentationStyles\VS2005\icons\privevent.gif -&gt; C:\Users\stefan\Documents\Visual Studio 2012\Projects\QPC\03-DocumentationAndComments\Help\Working\Output\HtmlHelp1\icons\privevent.gif
C:\Program Files\EWSoftware\Sandcastle Help File Builder\PresentationStyles\VS2005\icons\privextension.gif -&gt; C:\Users\stefan\Documents\Visual Studio 2012\Projects\QPC\03-DocumentationAndComments\Help\Working\Output\HtmlHelp1\icons\privextension.gif
C:\Program Files\EWSoftware\Sandcastle Help File Builder\PresentationStyles\VS2005\icons\privfield.gif -&gt; C:\Users\stefan\Documents\Visual Studio 2012\Projects\QPC\03-DocumentationAndComments\Help\Working\Output\HtmlHelp1\icons\privfield.gif
C:\Program Files\EWSoftware\Sandcastle Help File Builder\PresentationStyles\VS2005\icons\privinterface.gif -&gt; C:\Users\stefan\Documents\Visual Studio 2012\Projects\QPC\03-DocumentationAndComments\Help\Working\Output\HtmlHelp1\icons\privinterface.gif
C:\Program Files\EWSoftware\Sandcastle Help File Builder\PresentationStyles\VS2005\icons\privmethod.gif -&gt; C:\Users\stefan\Documents\Visual Studio 2012\Projects\QPC\03-DocumentationAndComments\Help\Working\Output\HtmlHelp1\icons\privmethod.gif
C:\Program Files\EWSoftware\Sandcastle Help File Builder\PresentationStyles\VS2005\icons\privproperty.gif -&gt; C:\Users\stefan\Documents\Visual Studio 2012\Projects\QPC\03-DocumentationAndComments\Help\Working\Output\HtmlHelp1\icons\privproperty.gif
C:\Program Files\EWSoftware\Sandcastle Help File Builder\PresentationStyles\VS2005\icons\privstructure.gif -&gt; C:\Users\stefan\Documents\Visual Studio 2012\Projects\QPC\03-DocumentationAndComments\Help\Working\Output\HtmlHelp1\icons\privstructure.gif
C:\Program Files\EWSoftware\Sandcastle Help File Builder\PresentationStyles\VS2005\icons\protclass.gif -&gt; C:\Users\stefan\Documents\Visual Studio 2012\Projects\QPC\03-DocumentationAndComments\Help\Working\Output\HtmlHelp1\icons\protclass.gif
C:\Program Files\EWSoftware\Sandcastle Help File Builder\PresentationStyles\VS2005\icons\protdelegate.gif -&gt; C:\Users\stefan\Documents\Visual Studio 2012\Projects\QPC\03-DocumentationAndComments\Help\Working\Output\HtmlHelp1\icons\protdelegate.gif
C:\Program Files\EWSoftware\Sandcastle Help File Builder\PresentationStyles\VS2005\icons\protenum.gif -&gt; C:\Users\stefan\Documents\Visual Studio 2012\Projects\QPC\03-DocumentationAndComments\Help\Working\Output\HtmlHelp1\icons\protenum.gif
C:\Program Files\EWSoftware\Sandcastle Help File Builder\PresentationStyles\VS2005\icons\protenumeration.gif -&gt; C:\Users\stefan\Documents\Visual Studio 2012\Projects\QPC\03-DocumentationAndComments\Help\Working\Output\HtmlHelp1\icons\protenumeration.gif
C:\Program Files\EWSoftware\Sandcastle Help File Builder\PresentationStyles\VS2005\icons\protevent.gif -&gt; C:\Users\stefan\Documents\Visual Studio 2012\Projects\QPC\03-DocumentationAndComments\Help\Working\Output\HtmlHelp1\icons\protevent.gif
C:\Program Files\EWSoftware\Sandcastle Help File Builder\PresentationStyles\VS2005\icons\protextension.gif -&gt; C:\Users\stefan\Documents\Visual Studio 2012\Projects\QPC\03-DocumentationAndComments\Help\Working\Output\HtmlHelp1\icons\protextension.gif
C:\Program Files\EWSoftware\Sandcastle Help File Builder\PresentationStyles\VS2005\icons\protfield.gif -&gt; C:\Users\stefan\Documents\Visual Studio 2012\Projects\QPC\03-DocumentationAndComments\Help\Working\Output\HtmlHelp1\icons\protfield.gif
C:\Program Files\EWSoftware\Sandcastle Help File Builder\PresentationStyles\VS2005\icons\protinterface.gif -&gt; C:\Users\stefan\Documents\Visual Studio 2012\Projects\QPC\03-DocumentationAndComments\Help\Working\Output\HtmlHelp1\icons\protinterface.gif
C:\Program Files\EWSoftware\Sandcastle Help File Builder\PresentationStyles\VS2005\icons\protmethod.gif -&gt; C:\Users\stefan\Documents\Visual Studio 2012\Projects\QPC\03-DocumentationAndComments\Help\Working\Output\HtmlHelp1\icons\protmethod.gif
C:\Program Files\EWSoftware\Sandcastle Help File Builder\PresentationStyles\VS2005\icons\protoperator.gif -&gt; C:\Users\stefan\Documents\Visual Studio 2012\Projects\QPC\03-DocumentationAndComments\Help\Working\Output\HtmlHelp1\icons\protoperator.gif
C:\Program Files\EWSoftware\Sandcastle Help File Builder\PresentationStyles\VS2005\icons\protproperty.gif -&gt; C:\Users\stefan\Documents\Visual Studio 2012\Projects\QPC\03-DocumentationAndComments\Help\Working\Output\HtmlHelp1\icons\protproperty.gif
C:\Program Files\EWSoftware\Sandcastle Help File Builder\PresentationStyles\VS2005\icons\protstructure.gif -&gt; C:\Users\stefan\Documents\Visual Studio 2012\Projects\QPC\03-DocumentationAndComments\Help\Working\Output\HtmlHelp1\icons\protstructure.gif
C:\Program Files\EWSoftware\Sandcastle Help File Builder\PresentationStyles\VS2005\icons\pubclass.gif -&gt; C:\Users\stefan\Documents\Visual Studio 2012\Projects\QPC\03-DocumentationAndComments\Help\Working\Output\HtmlHelp1\icons\pubclass.gif
C:\Program Files\EWSoftware\Sandcastle Help File Builder\PresentationStyles\VS2005\icons\pubdelegate.gif -&gt; C:\Users\stefan\Documents\Visual Studio 2012\Projects\QPC\03-DocumentationAndComments\Help\Working\Output\HtmlHelp1\icons\pubdelegate.gif
C:\Program Files\EWSoftware\Sandcastle Help File Builder\PresentationStyles\VS2005\icons\pubenum.gif -&gt; C:\Users\stefan\Documents\Visual Studio 2012\Projects\QPC\03-DocumentationAndComments\Help\Working\Output\HtmlHelp1\icons\pubenum.gif
C:\Program Files\EWSoftware\Sandcastle Help File Builder\PresentationStyles\VS2005\icons\pubenumeration.gif -&gt; C:\Users\stefan\Documents\Visual Studio 2012\Projects\QPC\03-DocumentationAndComments\Help\Working\Output\HtmlHelp1\icons\pubenumeration.gif
C:\Program Files\EWSoftware\Sandcastle Help File Builder\PresentationStyles\VS2005\icons\pubevent.gif -&gt; C:\Users\stefan\Documents\Visual Studio 2012\Projects\QPC\03-DocumentationAndComments\Help\Working\Output\HtmlHelp1\icons\pubevent.gif
C:\Program Files\EWSoftware\Sandcastle Help File Builder\PresentationStyles\VS2005\icons\pubextension.gif -&gt; C:\Users\stefan\Documents\Visual Studio 2012\Projects\QPC\03-DocumentationAndComments\Help\Working\Output\HtmlHelp1\icons\pubextension.gif
C:\Program Files\EWSoftware\Sandcastle Help File Builder\PresentationStyles\VS2005\icons\pubfield.gif -&gt; C:\Users\stefan\Documents\Visual Studio 2012\Projects\QPC\03-DocumentationAndComments\Help\Working\Output\HtmlHelp1\icons\pubfield.gif
C:\Program Files\EWSoftware\Sandcastle Help File Builder\PresentationStyles\VS2005\icons\pubinterface.gif -&gt; C:\Users\stefan\Documents\Visual Studio 2012\Projects\QPC\03-DocumentationAndComments\Help\Working\Output\HtmlHelp1\icons\pubinterface.gif
C:\Program Files\EWSoftware\Sandcastle Help File Builder\PresentationStyles\VS2005\icons\pubmethod.gif -&gt; C:\Users\stefan\Documents\Visual Studio 2012\Projects\QPC\03-DocumentationAndComments\Help\Working\Output\HtmlHelp1\icons\pubmethod.gif
C:\Program Files\EWSoftware\Sandcastle Help File Builder\PresentationStyles\VS2005\icons\puboperator.gif -&gt; C:\Users\stefan\Documents\Visual Studio 2012\Projects\QPC\03-DocumentationAndComments\Help\Working\Output\HtmlHelp1\icons\puboperator.gif
C:\Program Files\EWSoftware\Sandcastle Help File Builder\PresentationStyles\VS2005\icons\pubproperty.gif -&gt; C:\Users\stefan\Documents\Visual Studio 2012\Projects\QPC\03-DocumentationAndComments\Help\Working\Output\HtmlHelp1\icons\pubproperty.gif
C:\Program Files\EWSoftware\Sandcastle Help File Builder\PresentationStyles\VS2005\icons\pubstructure.gif -&gt; C:\Users\stefan\Documents\Visual Studio 2012\Projects\QPC\03-DocumentationAndComments\Help\Working\Output\HtmlHelp1\icons\pubstructure.gif
C:\Program Files\EWSoftware\Sandcastle Help File Builder\PresentationStyles\VS2005\icons\requirements1a.gif -&gt; C:\Users\stefan\Documents\Visual Studio 2012\Projects\QPC\03-DocumentationAndComments\Help\Working\Output\HtmlHelp1\icons\requirements1a.gif
C:\Program Files\EWSoftware\Sandcastle Help File Builder\PresentationStyles\VS2005\icons\requirements1c.gif -&gt; C:\Users\stefan\Documents\Visual Studio 2012\Projects\QPC\03-DocumentationAndComments\Help\Working\Output\HtmlHelp1\icons\requirements1c.gif
C:\Program Files\EWSoftware\Sandcastle Help File Builder\PresentationStyles\VS2005\icons\save.gif -&gt; C:\Users\stefan\Documents\Visual Studio 2012\Projects\QPC\03-DocumentationAndComments\Help\Working\Output\HtmlHelp1\icons\save.gif
C:\Program Files\EWSoftware\Sandcastle Help File Builder\PresentationStyles\VS2005\icons\save_hover.gif -&gt; C:\Users\stefan\Documents\Visual Studio 2012\Projects\QPC\03-DocumentationAndComments\Help\Working\Output\HtmlHelp1\icons\save_hover.gif
C:\Program Files\EWSoftware\Sandcastle Help File Builder\PresentationStyles\VS2005\icons\security.gif -&gt; C:\Users\stefan\Documents\Visual Studio 2012\Projects\QPC\03-DocumentationAndComments\Help\Working\Output\HtmlHelp1\icons\security.gif
C:\Program Files\EWSoftware\Sandcastle Help File Builder\PresentationStyles\VS2005\icons\seealso1a.gif -&gt; C:\Users\stefan\Documents\Visual Studio 2012\Projects\QPC\03-DocumentationAndComments\Help\Working\Output\HtmlHelp1\icons\seealso1a.gif
C:\Program Files\EWSoftware\Sandcastle Help File Builder\PresentationStyles\VS2005\icons\seealso1c.gif -&gt; C:\Users\stefan\Documents\Visual Studio 2012\Projects\QPC\03-DocumentationAndComments\Help\Working\Output\HtmlHelp1\icons\seealso1c.gif
C:\Program Files\EWSoftware\Sandcastle Help File Builder\PresentationStyles\VS2005\icons\slMobile.gif -&gt; C:\Users\stefan\Documents\Visual Studio 2012\Projects\QPC\03-DocumentationAndComments\Help\Working\Output\HtmlHelp1\icons\slMobile.gif
C:\Program Files\EWSoftware\Sandcastle Help File Builder\PresentationStyles\VS2005\icons\static.gif -&gt; C:\Users\stefan\Documents\Visual Studio 2012\Projects\QPC\03-DocumentationAndComments\Help\Working\Output\HtmlHelp1\icons\static.gif
C:\Program Files\EWSoftware\Sandcastle Help File Builder\PresentationStyles\VS2005\icons\xna.gif -&gt; C:\Users\stefan\Documents\Visual Studio 2012\Projects\QPC\03-DocumentationAndComments\Help\Working\Output\HtmlHelp1\icons\xna.gif
C:\Program Files\EWSoftware\Sandcastle Help File Builder\PresentationStyles\VS2005\scripts\CheckboxMenu.js -&gt; C:\Users\stefan\Documents\Visual Studio 2012\Projects\QPC\03-DocumentationAndComments\Help\Working\Output\HtmlHelp1\scripts\CheckboxMenu.js
C:\Program Files\EWSoftware\Sandcastle Help File Builder\PresentationStyles\VS2005\scripts\CommonUtilities.js -&gt; C:\Users\stefan\Documents\Visual Studio 2012\Projects\QPC\03-DocumentationAndComments\Help\Working\Output\HtmlHelp1\scripts\CommonUtilities.js
C:\Program Files\EWSoftware\Sandcastle Help File Builder\PresentationStyles\VS2005\scripts\Dropdown.js -&gt; C:\Users\stefan\Documents\Visual Studio 2012\Projects\QPC\03-DocumentationAndComments\Help\Working\Output\HtmlHelp1\scripts\Dropdown.js
C:\Program Files\EWSoftware\Sandcastle Help File Builder\PresentationStyles\VS2005\scripts\EventUtilities.js -&gt; C:\Users\stefan\Documents\Visual Studio 2012\Projects\QPC\03-DocumentationAndComments\Help\Working\Output\HtmlHelp1\scripts\EventUtilities.js
C:\Program Files\EWSoftware\Sandcastle Help File Builder\PresentationStyles\VS2005\scripts\script_feedBack.js -&gt; C:\Users\stefan\Documents\Visual Studio 2012\Projects\QPC\03-DocumentationAndComments\Help\Working\Output\HtmlHelp1\scripts\script_feedBack.js
C:\Program Files\EWSoftware\Sandcastle Help File Builder\PresentationStyles\VS2005\scripts\script_manifold.js -&gt; C:\Users\stefan\Documents\Visual Studio 2012\Projects\QPC\03-DocumentationAndComments\Help\Working\Output\HtmlHelp1\scripts\script_manifold.js
C:\Program Files\EWSoftware\Sandcastle Help File Builder\PresentationStyles\VS2005\scripts\SplitScreen.js -&gt; C:\Users\stefan\Documents\Visual Studio 2012\Projects\QPC\03-DocumentationAndComments\Help\Working\Output\HtmlHelp1\scripts\SplitScreen.js
C:\Program Files\EWSoftware\Sandcastle Help File Builder\PresentationStyles\VS2005\styles\Presentation.css -&gt; C:\Users\stefan\Documents\Visual Studio 2012\Projects\QPC\03-DocumentationAndComments\Help\Working\Output\HtmlHelp1\styles\Presentation.css
    Last step completed in 00:00:01.3911
</buildStep>
<buildStep step="GenerateHelpFormatTableOfContents">
Generating HTML Help 1 table of contents file...
    Last step completed in 00:00:00.0010
</buildStep>
<buildStep step="GenerateHelpFileIndex">
Generating HTML Help 1 index file...
    Last step completed in 00:00:00.0010
</buildStep>
<buildStep step="GenerateHelpProject">
Generating HTML Help 1 project file...
    Last step completed in 00:00:00.0060
</buildStep>
<buildStep step="CompilingHelpFile">
Compiling HTML Help 1 file...
[C:\Windows\Microsoft.NET\Framework\v4.0.30319\MSBuild.exe]
  Microsoft HTML Help Compiler 4.74.8702
  
  
  
  Compiling c:\Users\stefan\Documents\Visual Studio 2012\Projects\QPC\03-DocumentationAndComments\Help\Working\Output\HtmlHelp1\Documentation.chm
  
  
  
  
  
  Compile time: 0 minutes, 3 seconds
  
  22	Topics
  
  245	Local links
  
  32	Internet links
  
  0	Graphics
  
  
  
  
  
  Created c:\Users\stefan\Documents\Visual Studio 2012\Projects\QPC\03-DocumentationAndComments\Help\Working\Output\HtmlHelp1\Documentation.chm, 106,935 bytes
  
  Compression decreased file by 324,027 bytes.
  
    Last step completed in 00:00:04.5863
</buildStep>
<buildStep step="CleanIntermediates">
Removing intermediate files...
    Last step completed in 00:00:00.0290
</buildStep>
<buildStep step="Completed">

Build completed successfully at 05.18.2014 03:07 .  Total time: 00:02:29.5956

</buildStep>
</shfbBuild>
